{"level":"info","message":"База данных инициализирована","timestamp":"2025-03-23T08:11:22.531Z"}
{"level":"info","message":"Клик обработан: link=example.com, totalCount=9","timestamp":"2025-03-23T08:12:52.701Z"}
{"level":"info","message":"Запрос на звонок обработан: name=Иван, phone=+79991234567","timestamp":"2025-03-23T08:13:00.530Z"}
{"level":"info","message":"Запрос на звонок обработан: name=Иван, phone=+998935446065","timestamp":"2025-03-23T08:16:22.624Z"}
{"level":"info","message":"Клик обработан: link=example.com, totalCount=10","timestamp":"2025-03-23T08:17:05.628Z"}
{"level":"info","message":"Клик обработан: link=telegram.com, totalCount=1","timestamp":"2025-03-23T08:24:50.728Z"}
{"level":"info","message":"Клик обработан: link=telegram.com, totalCount=2","timestamp":"2025-03-23T08:27:08.251Z"}
{"level":"info","message":"База данных инициализирована","timestamp":"2025-03-23T08:27:51.424Z"}
{"level":"info","message":"Клик обработан: link=telegram.com, totalCount=3","timestamp":"2025-03-23T08:28:28.911Z"}
{"errors":[{"location":"body","msg":"Поле userId обязательно","path":"userId","type":"field"}],"level":"warn","message":"Ошибка валидации в /api/click","timestamp":"2025-03-23T08:29:14.806Z"}
{"level":"info","message":"База данных инициализирована","timestamp":"2025-03-23T08:30:13.213Z"}
{"level":"info","message":"Клик обработан: link=[object Object], totalCount=1","timestamp":"2025-03-23T08:30:16.963Z"}
{"body":{},"level":"error","message":"Unexpected token t in JSON at position 0","method":"POST","stack":"SyntaxError: Unexpected token t in JSON at position 0\n    at JSON.parse (<anonymous>)\n    at createStrictSyntaxError (/app/node_modules/body-parser/lib/types/json.js:169:10)\n    at parse (/app/node_modules/body-parser/lib/types/json.js:86:15)\n    at /app/node_modules/body-parser/lib/read.js:128:18\n    at AsyncResource.runInAsyncScope (node:async_hooks:203:9)\n    at invokeCallback (/app/node_modules/raw-body/index.js:238:16)\n    at done (/app/node_modules/raw-body/index.js:227:7)\n    at IncomingMessage.onEnd (/app/node_modules/raw-body/index.js:287:7)\n    at IncomingMessage.emit (node:events:517:28)\n    at endReadableNT (node:internal/streams/readable:1400:12)","timestamp":"2025-03-23T08:31:00.904Z","url":"/api/click"}
{"level":"info","message":"Клик обработан: link=[object Object], totalCount=2","timestamp":"2025-03-23T08:31:25.503Z"}
{"body":{},"level":"error","message":"Unexpected token \" in JSON at position 0","method":"POST","stack":"SyntaxError: Unexpected token \" in JSON at position 0\n    at JSON.parse (<anonymous>)\n    at createStrictSyntaxError (/app/node_modules/body-parser/lib/types/json.js:169:10)\n    at parse (/app/node_modules/body-parser/lib/types/json.js:86:15)\n    at /app/node_modules/body-parser/lib/read.js:128:18\n    at AsyncResource.runInAsyncScope (node:async_hooks:203:9)\n    at invokeCallback (/app/node_modules/raw-body/index.js:238:16)\n    at done (/app/node_modules/raw-body/index.js:227:7)\n    at IncomingMessage.onEnd (/app/node_modules/raw-body/index.js:287:7)\n    at IncomingMessage.emit (node:events:517:28)\n    at endReadableNT (node:internal/streams/readable:1400:12)","timestamp":"2025-03-23T08:31:45.398Z","url":"/api/click"}
{"body":{},"level":"error","message":"Unexpected token l in JSON at position 0","method":"POST","stack":"SyntaxError: Unexpected token l in JSON at position 0\n    at JSON.parse (<anonymous>)\n    at createStrictSyntaxError (/app/node_modules/body-parser/lib/types/json.js:169:10)\n    at parse (/app/node_modules/body-parser/lib/types/json.js:86:15)\n    at /app/node_modules/body-parser/lib/read.js:128:18\n    at AsyncResource.runInAsyncScope (node:async_hooks:203:9)\n    at invokeCallback (/app/node_modules/raw-body/index.js:238:16)\n    at done (/app/node_modules/raw-body/index.js:227:7)\n    at IncomingMessage.onEnd (/app/node_modules/raw-body/index.js:287:7)\n    at IncomingMessage.emit (node:events:517:28)\n    at endReadableNT (node:internal/streams/readable:1400:12)","timestamp":"2025-03-23T08:31:52.497Z","url":"/api/click"}
{"level":"info","message":"Клик обработан: link=[object Object], totalCount=1","timestamp":"2025-03-23T08:31:59.708Z"}
{"level":"info","message":"Клик обработан: link=[object Object], totalCount=2","timestamp":"2025-03-23T08:32:25.760Z"}
{"level":"info","message":"Клик обработан: link=[object Object], totalCount=1","timestamp":"2025-03-23T08:32:43.310Z"}
{"level":"info","message":"Клик обработан: link=[object Object], totalCount=2","timestamp":"2025-03-23T08:32:54.792Z"}
{"level":"info","message":"Клик обработан: link=[object Object], totalCount=3","timestamp":"2025-03-23T08:33:10.326Z"}
{"level":"info","message":"База данных инициализирована","timestamp":"2025-03-23T08:35:49.267Z"}
{"level":"info","message":"Клик обработан: link=example.com, totalCount=11","timestamp":"2025-03-23T08:36:36.518Z"}
{"level":"info","message":"База данных инициализирована","timestamp":"2025-03-23T08:37:57.210Z"}
{"level":"warn","message":"Ошибка подключения, повтор через 2 секунды:","timestamp":"2025-03-23T13:54:07.970Z"}
{"level":"warn","message":"Ошибка подключения, повтор через 2 секунды:","timestamp":"2025-03-23T13:54:09.974Z"}
{"level":"warn","message":"Ошибка подключения, повтор через 2 секунды:","timestamp":"2025-03-23T13:54:11.978Z"}
{"level":"info","message":"База данных инициализирована","timestamp":"2025-03-23T13:54:14.028Z"}
{"level":"info","message":"База данных инициализирована","timestamp":"2025-03-23T14:11:54.070Z"}

{"level":"warn","message":"Ошибка подключения, повтор через 2 секунды:","timestamp":"2025-03-24T17:10:20.771Z"}
{"level":"info","message":"База данных инициализирована","timestamp":"2025-03-24T17:10:22.820Z"}
{"level":"info","message":"База данных инициализирована","timestamp":"2025-03-24T17:10:47.244Z"}
{"level":"info","message":"Запрос на звонок обработан: name=jsss, phone=+71435678","timestamp":"2025-03-24T17:11:01.860Z"}
{"level":"info","message":"Клик обработан: link=instagram, totalCount=3","timestamp":"2025-03-24T17:11:08.051Z"}
{"level":"info","message":"База данных инициализирована","timestamp":"2025-03-24T17:12:46.190Z"}
{"level":"info","message":"Клик обработан: link=facebook, totalCount=2","timestamp":"2025-03-24T17:13:46.585Z"}
